2021-02-07 08:50:15 [INFO]-[com.pipihao.piyu.PiYuApplication] Starting PiYuApplication on IBM with PID 14888 (D:\Projects\PiYU\piyu-api\target\classes started by pipihao in D:\Projects\PiYU\piyu)
2021-02-07 08:50:15 [INFO]-[com.pipihao.piyu.PiYuApplication] No active profile set, falling back to default profiles: default
2021-02-07 08:50:15 [INFO]-[org.springframework.boot.devtools.env.DevToolsPropertyDefaultsPostProcessor] Devtools property defaults active! Set 'spring.devtools.add-properties' to 'false' to disable
2021-02-07 08:50:15 [INFO]-[org.springframework.boot.devtools.env.DevToolsPropertyDefaultsPostProcessor] For additional web related logging consider setting the 'logging.level.web' property to 'DEBUG'
2021-02-07 08:50:19 [WARN]-[org.mybatis.spring.mapper.ClassPathMapperScanner] Skipping MapperFactoryBean with name 'commentMapper' and 'com.pipihao.piyu.mapper.CommentMapper' mapperInterface. Bean already defined with the same name!
2021-02-07 08:50:19 [WARN]-[org.mybatis.spring.mapper.ClassPathMapperScanner] Skipping MapperFactoryBean with name 'followsMapper' and 'com.pipihao.piyu.mapper.FollowsMapper' mapperInterface. Bean already defined with the same name!
2021-02-07 08:50:19 [WARN]-[org.mybatis.spring.mapper.ClassPathMapperScanner] Skipping MapperFactoryBean with name 'footPrintMapper' and 'com.pipihao.piyu.mapper.FootPrintMapper' mapperInterface. Bean already defined with the same name!
2021-02-07 08:50:19 [WARN]-[org.mybatis.spring.mapper.ClassPathMapperScanner] Skipping MapperFactoryBean with name 'loginMapper' and 'com.pipihao.piyu.mapper.LoginMapper' mapperInterface. Bean already defined with the same name!
2021-02-07 08:50:19 [WARN]-[org.mybatis.spring.mapper.ClassPathMapperScanner] Skipping MapperFactoryBean with name 'piCollectMapper' and 'com.pipihao.piyu.mapper.PiCollectMapper' mapperInterface. Bean already defined with the same name!
2021-02-07 08:50:19 [WARN]-[org.mybatis.spring.mapper.ClassPathMapperScanner] Skipping MapperFactoryBean with name 'piLikeMapper' and 'com.pipihao.piyu.mapper.PiLikeMapper' mapperInterface. Bean already defined with the same name!
2021-02-07 08:50:19 [WARN]-[org.mybatis.spring.mapper.ClassPathMapperScanner] Skipping MapperFactoryBean with name 'piProductClassMapper' and 'com.pipihao.piyu.mapper.PiProductClassMapper' mapperInterface. Bean already defined with the same name!
2021-02-07 08:50:19 [WARN]-[org.mybatis.spring.mapper.ClassPathMapperScanner] Skipping MapperFactoryBean with name 'piProductMapper' and 'com.pipihao.piyu.mapper.PiProductMapper' mapperInterface. Bean already defined with the same name!
2021-02-07 08:50:19 [WARN]-[org.mybatis.spring.mapper.ClassPathMapperScanner] Skipping MapperFactoryBean with name 'tradingMapper' and 'com.pipihao.piyu.mapper.TradingMapper' mapperInterface. Bean already defined with the same name!
2021-02-07 08:50:19 [WARN]-[org.mybatis.spring.mapper.ClassPathMapperScanner] Skipping MapperFactoryBean with name 'userAddressMapper' and 'com.pipihao.piyu.mapper.UserAddressMapper' mapperInterface. Bean already defined with the same name!
2021-02-07 08:50:19 [WARN]-[org.mybatis.spring.mapper.ClassPathMapperScanner] Skipping MapperFactoryBean with name 'userMapper' and 'com.pipihao.piyu.mapper.UserMapper' mapperInterface. Bean already defined with the same name!
2021-02-07 08:50:19 [WARN]-[org.mybatis.spring.mapper.ClassPathMapperScanner] Skipping MapperFactoryBean with name 'walletMapper' and 'com.pipihao.piyu.mapper.WalletMapper' mapperInterface. Bean already defined with the same name!
2021-02-07 08:50:19 [WARN]-[org.mybatis.spring.mapper.ClassPathMapperScanner] No MyBatis mapper was found in '[com.pipihao.piyu.mapper]' package. Please check your configuration.
2021-02-07 08:50:22 [INFO]-[org.springframework.boot.web.embedded.tomcat.TomcatWebServer] Tomcat initialized with port(s): 8081 (http)
2021-02-07 08:50:23 [INFO]-[org.springframework.boot.web.servlet.context.ServletWebServerApplicationContext] Root WebApplicationContext: initialization completed in 7623 ms
2021-02-07 08:50:23 [INFO]-[com.alibaba.druid.spring.boot.autoconfigure.DruidDataSourceAutoConfigure] Init DruidDataSource
2021-02-07 08:50:24 [INFO]-[com.alibaba.druid.pool.DruidDataSource] {dataSource-1} inited
2021-02-07 08:50:25 [INFO]-[org.springframework.scheduling.concurrent.ThreadPoolTaskExecutor] Initializing ExecutorService 'applicationTaskExecutor'
2021-02-07 08:50:25 [WARN]-[org.springframework.boot.autoconfigure.thymeleaf.ThymeleafAutoConfiguration$DefaultTemplateResolverConfiguration] Cannot find template location: classpath:/templates/ (please add some templates or check your Thymeleaf configuration)
2021-02-07 08:50:25 [INFO]-[tk.mybatis.mapper.autoconfigure.MapperCacheDisabler] Clear tk.mybatis.mapper.util.MsUtil CLASS_CACHE cache.
2021-02-07 08:50:25 [INFO]-[tk.mybatis.mapper.autoconfigure.MapperCacheDisabler] Clear tk.mybatis.mapper.genid.GenIdUtil CACHE cache.
2021-02-07 08:50:25 [INFO]-[tk.mybatis.mapper.autoconfigure.MapperCacheDisabler] Clear tk.mybatis.mapper.version.VersionUtil CACHE cache.
2021-02-07 08:50:25 [INFO]-[tk.mybatis.mapper.autoconfigure.MapperCacheDisabler] Clear EntityHelper entityTableMap cache.
2021-02-07 08:50:25 [INFO]-[org.springframework.boot.devtools.autoconfigure.OptionalLiveReloadServer] LiveReload server is running on port 35729
2021-02-07 08:50:25 [INFO]-[org.springframework.boot.web.embedded.tomcat.TomcatWebServer] Tomcat started on port(s): 8081 (http) with context path ''
2021-02-07 08:50:25 [INFO]-[com.pipihao.piyu.PiYuApplication] Started PiYuApplication in 11.572 seconds (JVM running for 15.495)
2021-02-07 08:52:42 [INFO]-[org.springframework.web.servlet.DispatcherServlet] Initializing Servlet 'dispatcherServlet'
2021-02-07 08:52:42 [INFO]-[org.springframework.web.servlet.DispatcherServlet] Completed initialization in 12 ms
2021-02-07 09:29:32 [INFO]-[com.pipihao.piyu.PiYuApplication] Starting PiYuApplication on IBM with PID 4948 (D:\Projects\PiYU\piyu-api\target\classes started by pipihao in D:\Projects\PiYU\piyu)
2021-02-07 09:29:32 [INFO]-[com.pipihao.piyu.PiYuApplication] No active profile set, falling back to default profiles: default
2021-02-07 09:29:32 [INFO]-[org.springframework.boot.devtools.env.DevToolsPropertyDefaultsPostProcessor] Devtools property defaults active! Set 'spring.devtools.add-properties' to 'false' to disable
2021-02-07 09:29:32 [INFO]-[org.springframework.boot.devtools.env.DevToolsPropertyDefaultsPostProcessor] For additional web related logging consider setting the 'logging.level.web' property to 'DEBUG'
2021-02-07 09:29:33 [WARN]-[org.mybatis.spring.mapper.ClassPathMapperScanner] Skipping MapperFactoryBean with name 'commentMapper' and 'com.pipihao.piyu.mapper.CommentMapper' mapperInterface. Bean already defined with the same name!
2021-02-07 09:29:33 [WARN]-[org.mybatis.spring.mapper.ClassPathMapperScanner] Skipping MapperFactoryBean with name 'followsMapper' and 'com.pipihao.piyu.mapper.FollowsMapper' mapperInterface. Bean already defined with the same name!
2021-02-07 09:29:33 [WARN]-[org.mybatis.spring.mapper.ClassPathMapperScanner] Skipping MapperFactoryBean with name 'footPrintMapper' and 'com.pipihao.piyu.mapper.FootPrintMapper' mapperInterface. Bean already defined with the same name!
2021-02-07 09:29:33 [WARN]-[org.mybatis.spring.mapper.ClassPathMapperScanner] Skipping MapperFactoryBean with name 'loginMapper' and 'com.pipihao.piyu.mapper.LoginMapper' mapperInterface. Bean already defined with the same name!
2021-02-07 09:29:33 [WARN]-[org.mybatis.spring.mapper.ClassPathMapperScanner] Skipping MapperFactoryBean with name 'piCollectMapper' and 'com.pipihao.piyu.mapper.PiCollectMapper' mapperInterface. Bean already defined with the same name!
2021-02-07 09:29:33 [WARN]-[org.mybatis.spring.mapper.ClassPathMapperScanner] Skipping MapperFactoryBean with name 'piLikeMapper' and 'com.pipihao.piyu.mapper.PiLikeMapper' mapperInterface. Bean already defined with the same name!
2021-02-07 09:29:33 [WARN]-[org.mybatis.spring.mapper.ClassPathMapperScanner] Skipping MapperFactoryBean with name 'piProductClassMapper' and 'com.pipihao.piyu.mapper.PiProductClassMapper' mapperInterface. Bean already defined with the same name!
2021-02-07 09:29:33 [WARN]-[org.mybatis.spring.mapper.ClassPathMapperScanner] Skipping MapperFactoryBean with name 'piProductMapper' and 'com.pipihao.piyu.mapper.PiProductMapper' mapperInterface. Bean already defined with the same name!
2021-02-07 09:29:33 [WARN]-[org.mybatis.spring.mapper.ClassPathMapperScanner] Skipping MapperFactoryBean with name 'tradingMapper' and 'com.pipihao.piyu.mapper.TradingMapper' mapperInterface. Bean already defined with the same name!
2021-02-07 09:29:33 [WARN]-[org.mybatis.spring.mapper.ClassPathMapperScanner] Skipping MapperFactoryBean with name 'userAddressMapper' and 'com.pipihao.piyu.mapper.UserAddressMapper' mapperInterface. Bean already defined with the same name!
2021-02-07 09:29:33 [WARN]-[org.mybatis.spring.mapper.ClassPathMapperScanner] Skipping MapperFactoryBean with name 'userMapper' and 'com.pipihao.piyu.mapper.UserMapper' mapperInterface. Bean already defined with the same name!
2021-02-07 09:29:33 [WARN]-[org.mybatis.spring.mapper.ClassPathMapperScanner] Skipping MapperFactoryBean with name 'walletMapper' and 'com.pipihao.piyu.mapper.WalletMapper' mapperInterface. Bean already defined with the same name!
2021-02-07 09:29:33 [WARN]-[org.mybatis.spring.mapper.ClassPathMapperScanner] No MyBatis mapper was found in '[com.pipihao.piyu.mapper]' package. Please check your configuration.
2021-02-07 09:29:34 [INFO]-[org.springframework.boot.web.embedded.tomcat.TomcatWebServer] Tomcat initialized with port(s): 8081 (http)
2021-02-07 09:29:34 [INFO]-[org.springframework.boot.web.servlet.context.ServletWebServerApplicationContext] Root WebApplicationContext: initialization completed in 1868 ms
2021-02-07 09:29:34 [INFO]-[com.alibaba.druid.spring.boot.autoconfigure.DruidDataSourceAutoConfigure] Init DruidDataSource
2021-02-07 09:29:34 [INFO]-[com.alibaba.druid.pool.DruidDataSource] {dataSource-1} inited
2021-02-07 09:29:35 [INFO]-[org.springframework.scheduling.concurrent.ThreadPoolTaskExecutor] Initializing ExecutorService 'applicationTaskExecutor'
2021-02-07 09:29:35 [WARN]-[org.springframework.boot.autoconfigure.thymeleaf.ThymeleafAutoConfiguration$DefaultTemplateResolverConfiguration] Cannot find template location: classpath:/templates/ (please add some templates or check your Thymeleaf configuration)
2021-02-07 09:29:35 [INFO]-[tk.mybatis.mapper.autoconfigure.MapperCacheDisabler] Clear tk.mybatis.mapper.util.MsUtil CLASS_CACHE cache.
2021-02-07 09:29:35 [INFO]-[tk.mybatis.mapper.autoconfigure.MapperCacheDisabler] Clear tk.mybatis.mapper.genid.GenIdUtil CACHE cache.
2021-02-07 09:29:35 [INFO]-[tk.mybatis.mapper.autoconfigure.MapperCacheDisabler] Clear tk.mybatis.mapper.version.VersionUtil CACHE cache.
2021-02-07 09:29:35 [INFO]-[tk.mybatis.mapper.autoconfigure.MapperCacheDisabler] Clear EntityHelper entityTableMap cache.
2021-02-07 09:29:35 [INFO]-[org.springframework.boot.devtools.autoconfigure.OptionalLiveReloadServer] LiveReload server is running on port 35729
2021-02-07 09:29:35 [INFO]-[org.springframework.boot.web.embedded.tomcat.TomcatWebServer] Tomcat started on port(s): 8081 (http) with context path ''
2021-02-07 09:29:35 [INFO]-[com.pipihao.piyu.PiYuApplication] Started PiYuApplication in 4.417 seconds (JVM running for 7.598)
2021-02-07 09:30:39 [INFO]-[org.springframework.web.servlet.DispatcherServlet] Initializing Servlet 'dispatcherServlet'
2021-02-07 09:30:39 [INFO]-[org.springframework.web.servlet.DispatcherServlet] Completed initialization in 14 ms
2021-02-07 10:39:38 [INFO]-[com.pipihao.piyu.PiYuApplication] Starting PiYuApplication on IBM with PID 16724 (D:\Projects\PiYU\piyu\piyu-api\target\classes started by pipihao in D:\Projects\PiYU\piyu)
2021-02-07 10:39:38 [INFO]-[com.pipihao.piyu.PiYuApplication] No active profile set, falling back to default profiles: default
2021-02-07 10:39:39 [INFO]-[org.springframework.boot.devtools.env.DevToolsPropertyDefaultsPostProcessor] Devtools property defaults active! Set 'spring.devtools.add-properties' to 'false' to disable
2021-02-07 10:39:39 [INFO]-[org.springframework.boot.devtools.env.DevToolsPropertyDefaultsPostProcessor] For additional web related logging consider setting the 'logging.level.web' property to 'DEBUG'
2021-02-07 10:39:40 [WARN]-[org.mybatis.spring.mapper.ClassPathMapperScanner] Skipping MapperFactoryBean with name 'commentMapper' and 'com.pipihao.piyu.mapper.CommentMapper' mapperInterface. Bean already defined with the same name!
2021-02-07 10:39:40 [WARN]-[org.mybatis.spring.mapper.ClassPathMapperScanner] Skipping MapperFactoryBean with name 'followsMapper' and 'com.pipihao.piyu.mapper.FollowsMapper' mapperInterface. Bean already defined with the same name!
2021-02-07 10:39:40 [WARN]-[org.mybatis.spring.mapper.ClassPathMapperScanner] Skipping MapperFactoryBean with name 'footPrintMapper' and 'com.pipihao.piyu.mapper.FootPrintMapper' mapperInterface. Bean already defined with the same name!
2021-02-07 10:39:40 [WARN]-[org.mybatis.spring.mapper.ClassPathMapperScanner] Skipping MapperFactoryBean with name 'loginMapper' and 'com.pipihao.piyu.mapper.LoginMapper' mapperInterface. Bean already defined with the same name!
2021-02-07 10:39:40 [WARN]-[org.mybatis.spring.mapper.ClassPathMapperScanner] Skipping MapperFactoryBean with name 'piCollectMapper' and 'com.pipihao.piyu.mapper.PiCollectMapper' mapperInterface. Bean already defined with the same name!
2021-02-07 10:39:40 [WARN]-[org.mybatis.spring.mapper.ClassPathMapperScanner] Skipping MapperFactoryBean with name 'piLikeMapper' and 'com.pipihao.piyu.mapper.PiLikeMapper' mapperInterface. Bean already defined with the same name!
2021-02-07 10:39:40 [WARN]-[org.mybatis.spring.mapper.ClassPathMapperScanner] Skipping MapperFactoryBean with name 'piProductClassMapper' and 'com.pipihao.piyu.mapper.PiProductClassMapper' mapperInterface. Bean already defined with the same name!
2021-02-07 10:39:40 [WARN]-[org.mybatis.spring.mapper.ClassPathMapperScanner] Skipping MapperFactoryBean with name 'piProductMapper' and 'com.pipihao.piyu.mapper.PiProductMapper' mapperInterface. Bean already defined with the same name!
2021-02-07 10:39:40 [WARN]-[org.mybatis.spring.mapper.ClassPathMapperScanner] Skipping MapperFactoryBean with name 'tradingMapper' and 'com.pipihao.piyu.mapper.TradingMapper' mapperInterface. Bean already defined with the same name!
2021-02-07 10:39:40 [WARN]-[org.mybatis.spring.mapper.ClassPathMapperScanner] Skipping MapperFactoryBean with name 'userAddressMapper' and 'com.pipihao.piyu.mapper.UserAddressMapper' mapperInterface. Bean already defined with the same name!
2021-02-07 10:39:40 [WARN]-[org.mybatis.spring.mapper.ClassPathMapperScanner] Skipping MapperFactoryBean with name 'userMapper' and 'com.pipihao.piyu.mapper.UserMapper' mapperInterface. Bean already defined with the same name!
2021-02-07 10:39:40 [WARN]-[org.mybatis.spring.mapper.ClassPathMapperScanner] Skipping MapperFactoryBean with name 'walletMapper' and 'com.pipihao.piyu.mapper.WalletMapper' mapperInterface. Bean already defined with the same name!
2021-02-07 10:39:40 [WARN]-[org.mybatis.spring.mapper.ClassPathMapperScanner] No MyBatis mapper was found in '[com.pipihao.piyu.mapper]' package. Please check your configuration.
2021-02-07 10:39:42 [INFO]-[org.springframework.boot.web.embedded.tomcat.TomcatWebServer] Tomcat initialized with port(s): 8081 (http)
2021-02-07 10:39:42 [INFO]-[org.springframework.boot.web.servlet.context.ServletWebServerApplicationContext] Root WebApplicationContext: initialization completed in 3231 ms
2021-02-07 10:39:42 [INFO]-[com.alibaba.druid.spring.boot.autoconfigure.DruidDataSourceAutoConfigure] Init DruidDataSource
2021-02-07 10:39:43 [INFO]-[com.alibaba.druid.pool.DruidDataSource] {dataSource-1} inited
2021-02-07 10:39:44 [INFO]-[org.springframework.scheduling.concurrent.ThreadPoolTaskExecutor] Initializing ExecutorService 'applicationTaskExecutor'
2021-02-07 10:39:44 [WARN]-[org.springframework.boot.autoconfigure.thymeleaf.ThymeleafAutoConfiguration$DefaultTemplateResolverConfiguration] Cannot find template location: classpath:/templates/ (please add some templates or check your Thymeleaf configuration)
2021-02-07 10:39:44 [INFO]-[tk.mybatis.mapper.autoconfigure.MapperCacheDisabler] Clear tk.mybatis.mapper.util.MsUtil CLASS_CACHE cache.
2021-02-07 10:39:44 [INFO]-[tk.mybatis.mapper.autoconfigure.MapperCacheDisabler] Clear tk.mybatis.mapper.genid.GenIdUtil CACHE cache.
2021-02-07 10:39:44 [INFO]-[tk.mybatis.mapper.autoconfigure.MapperCacheDisabler] Clear tk.mybatis.mapper.version.VersionUtil CACHE cache.
2021-02-07 10:39:44 [INFO]-[tk.mybatis.mapper.autoconfigure.MapperCacheDisabler] Clear EntityHelper entityTableMap cache.
2021-02-07 10:39:44 [INFO]-[org.springframework.boot.devtools.autoconfigure.OptionalLiveReloadServer] LiveReload server is running on port 35729
2021-02-07 10:39:44 [INFO]-[org.springframework.boot.web.embedded.tomcat.TomcatWebServer] Tomcat started on port(s): 8081 (http) with context path ''
2021-02-07 10:39:44 [INFO]-[com.pipihao.piyu.PiYuApplication] Started PiYuApplication in 8.354 seconds (JVM running for 13.327)
